{
  "RSpec": {
    "coverage": {
      "/Users/Allan/projects/makersAcademy/week2/oystercard-collabs/oyster_card-3110/spec/oystercard_spec.rb": [
        1,
        null,
        1,
        5,
        4,
        5,
        null,
        1,
        1,
        1,
        null,
        null,
        1,
        1,
        1,
        2,
        null,
        null,
        null,
        1,
        1,
        1,
        2,
        null,
        1,
        2,
        null,
        1,
        1,
        1,
        null,
        null,
        null,
        1,
        1,
        2,
        null,
        1,
        1,
        4,
        null,
        null,
        null,
        1,
        1,
        null,
        null
      ],
      "/Users/Allan/projects/makersAcademy/week2/oystercard-collabs/oyster_card-3110/lib/oystercard.rb": [
        1,
        null,
        1,
        1,
        1,
        1,
        null,
        1,
        8,
        null,
        8,
        null,
        null,
        1,
        2,
        2,
        1,
        null,
        null,
        1,
        5,
        4,
        3,
        null,
        null,
        null,
        1,
        2,
        1,
        1,
        null,
        null,
        null,
        1,
        null,
        1,
        2,
        null,
        null,
        1,
        6,
        2,
        null,
        null,
        1,
        5,
        null,
        null,
        1,
        1,
        null,
        null
      ]
    },
    "timestamp": 1509452538
  }
}
