{
  "RSpec": {
    "coverage": {
      "/Users/Allan/projects/makersAcademy/week2/oystercard-collabs/oyster_card-3110/spec/journey_spec.rb": [
        1,
        null,
        1,
        null,
        null
      ],
      "/Users/Allan/projects/makersAcademy/week2/oystercard-collabs/oyster_card-3110/lib/journey.rb": [
        1,
        null,
        1,
        1,
        null,
        1,
        1,
        null,
        1,
        9,
        9,
        null,
        null,
        1,
        3,
        null,
        null,
        1,
        2,
        null,
        null,
        1,
        null,
        1,
        2,
        null,
        null,
        1,
        2,
        null,
        null,
        null
      ],
      "/Users/Allan/projects/makersAcademy/week2/oystercard-collabs/oyster_card-3110/spec/journeylog_spec.rb": [
        1,
        null,
        1,
        2,
        1,
        1,
        1,
        null,
        null,
        1,
        null,
        null,
        null
      ],
      "/Users/Allan/projects/makersAcademy/week2/oystercard-collabs/oyster_card-3110/lib/journeylog.rb": [
        1,
        null,
        1,
        1,
        1,
        1,
        null,
        null,
        1,
        1,
        null,
        null,
        null
      ],
      "/Users/Allan/projects/makersAcademy/week2/oystercard-collabs/oyster_card-3110/spec/oystercard_spec.rb": [
        1,
        null,
        1,
        5,
        4,
        5,
        null,
        1,
        1,
        1,
        null,
        null,
        null,
        1,
        1,
        1,
        null,
        null,
        1,
        1,
        1,
        2,
        null,
        null,
        null,
        1,
        1,
        2,
        null,
        1,
        1,
        1,
        null,
        null,
        null,
        1,
        1,
        1,
        4,
        null,
        1,
        1,
        1,
        1,
        null,
        null,
        null,
        1,
        1,
        null,
        null
      ],
      "/Users/Allan/projects/makersAcademy/week2/oystercard-collabs/oyster_card-3110/lib/oystercard.rb": [
        1,
        null,
        1,
        null,
        1,
        1,
        null,
        1,
        null,
        1,
        8,
        8,
        8,
        null,
        null,
        1,
        2,
        2,
        1,
        null,
        null,
        1,
        4,
        3,
        3,
        null,
        null,
        1,
        2,
        2,
        2,
        2,
        null,
        null,
        1,
        null,
        1,
        2,
        null,
        null,
        1,
        2,
        null,
        null,
        1,
        4,
        null,
        null,
        1,
        2,
        null,
        null
      ],
      "/Users/Allan/projects/makersAcademy/week2/oystercard-collabs/oyster_card-3110/spec/station_spec.rb": [
        1,
        null,
        1,
        1,
        1,
        1,
        1,
        1,
        null,
        1,
        1,
        null,
        null,
        null,
        null
      ],
      "/Users/Allan/projects/makersAcademy/week2/oystercard-collabs/oyster_card-3110/lib/station.rb": [
        1,
        1,
        1,
        1,
        1,
        null,
        null
      ]
    },
    "timestamp": 1509475190
  }
}
